<?xml version="1.0" encoding="UTF-8"?>
<!-- Generated by org.testng.reporters.JUnitReportReporter -->
<testsuite hostname="LAPTOP-P9U8PG08" name="Admin_Event_Web.Admin_Event_Event_Class_Edit" tests="5" failures="0" timestamp="19 Sep 2017 18:44:18 GMT" time="87.258" errors="0">
  <testcase name="update_edit_record" time="5.200" classname="Admin_Event_Web.Admin_Event_Event_Class_Edit"/>
  <testcase name="edited_eve_class_check" time="40.680" classname="Admin_Event_Web.Admin_Event_Event_Class_Edit"/>
  <testcase name="edit_enable" time="10.219" classname="Admin_Event_Web.Admin_Event_Event_Class_Edit"/>
  <testcase name="clear_eve_clas_edit" time="10.462" classname="Admin_Event_Web.Admin_Event_Event_Class_Edit"/>
  <testcase name="edit_exist_eve_clas" time="20.697" classname="Admin_Event_Web.Admin_Event_Event_Class_Edit"/>
</testsuite> <!-- Admin_Event_Web.Admin_Event_Event_Class_Edit -->
