<?xml version="1.0" encoding="UTF-8"?>
<!-- Generated by org.testng.reporters.JUnitReportReporter -->
<testsuite hostname="LAPTOP-P9U8PG08" name="Admin_Event_Web.Admin_Event_EventType_Sorting" tests="4" failures="0" timestamp="19 Sep 2017 18:44:18 GMT" time="113.542" errors="0">
  <testcase name="view_eve_type" time="41.492" classname="Admin_Event_Web.Admin_Event_EventType_Sorting"/>
  <testcase name="Sorting" time="15.638" classname="Admin_Event_Web.Admin_Event_EventType_Sorting"/>
  <testcase name="exit" time="5.031" classname="Admin_Event_Web.Admin_Event_EventType_Sorting"/>
  <testcase name="no_eve_types" time="51.381" classname="Admin_Event_Web.Admin_Event_EventType_Sorting"/>
</testsuite> <!-- Admin_Event_Web.Admin_Event_EventType_Sorting -->
