<?xml version="1.0" encoding="UTF-8"?>
<!-- Generated by org.testng.reporters.JUnitReportReporter -->
<testsuite hostname="LAPTOP-P9U8PG08" name="Admin_Event_Attachment.Admin_Event_Attachment_Size" tests="6" failures="0" timestamp="19 Sep 2017 18:44:18 GMT" time="51.964" errors="0">
  <testcase name="eve_attach_valid_size" time="7.604" classname="Admin_Event_Attachment.Admin_Event_Attachment_Size"/>
  <testcase name="eve_attach_on_n_numb_size" time="7.681" classname="Admin_Event_Attachment.Admin_Event_Attachment_Size"/>
  <testcase name="eve_attach_navig" time="2.154" classname="Admin_Event_Attachment.Admin_Event_Attachment_Size"/>
  <testcase name="eve_attach_on_invalid_size" time="10.628" classname="Admin_Event_Attachment.Admin_Event_Attachment_Size"/>
  <testcase name="eve_attach_on_load_size_vanish" time="11.818" classname="Admin_Event_Attachment.Admin_Event_Attachment_Size"/>
  <testcase name="eve_attach_success_alert_msg" time="12.079" classname="Admin_Event_Attachment.Admin_Event_Attachment_Size"/>
</testsuite> <!-- Admin_Event_Attachment.Admin_Event_Attachment_Size -->
