<?xml version="1.0" encoding="UTF-8"?>
<!-- Generated by org.testng.reporters.JUnitReportReporter -->
<testsuite hostname="LAPTOP-P9U8PG08" name="Admin_Event_Web.Admin_Event_EventType_Delete" tests="5" failures="0" timestamp="19 Sep 2017 18:44:18 GMT" time="60.279" errors="0">
  <testcase name="delete_conf_yes" time="22.926" classname="Admin_Event_Web.Admin_Event_EventType_Delete"/>
  <testcase name="delete_icon" time="13.626" classname="Admin_Event_Web.Admin_Event_EventType_Delete"/>
  <testcase name="delete_eve_check" time="10.747" classname="Admin_Event_Web.Admin_Event_EventType_Delete"/>
  <testcase name="delete_conf_cancel" time="2.205" classname="Admin_Event_Web.Admin_Event_EventType_Delete"/>
  <testcase name="delete_succ_msg" time="10.775" classname="Admin_Event_Web.Admin_Event_EventType_Delete"/>
</testsuite> <!-- Admin_Event_Web.Admin_Event_EventType_Delete -->
