<?xml version="1.0" encoding="UTF-8"?>
<!-- Generated by org.testng.reporters.JUnitReportReporter -->
<testsuite hostname="LAPTOP-P9U8PG08" name="Admin_Event_Web.Admin_Event_Class_Delete" tests="4" failures="0" timestamp="19 Sep 2017 18:44:18 GMT" time="102.825" errors="0">
  <testcase name="delete_eve_check" time="62.583" classname="Admin_Event_Web.Admin_Event_Class_Delete"/>
  <testcase name="delete_icon" time="17.130" classname="Admin_Event_Web.Admin_Event_Class_Delete"/>
  <testcase name="delete_conf_cancel" time="2.163" classname="Admin_Event_Web.Admin_Event_Class_Delete"/>
  <testcase name="delete_conf_yes" time="20.949" classname="Admin_Event_Web.Admin_Event_Class_Delete"/>
</testsuite> <!-- Admin_Event_Web.Admin_Event_Class_Delete -->
