<?xml version="1.0" encoding="UTF-8"?>
<!-- Generated by org.testng.reporters.JUnitReportReporter -->
<testsuite hostname="LAPTOP-P9U8PG08" name="Admin_Event_Attachment.Admin_Event_Attachment_Delete" tests="4" failures="0" timestamp="19 Sep 2017 18:44:18 GMT" time="49.110" errors="0">
  <testcase name="delete_conf_yes" time="18.898" classname="Admin_Event_Attachment.Admin_Event_Attachment_Delete"/>
  <testcase name="delete_conf_cancel" time="2.195" classname="Admin_Event_Attachment.Admin_Event_Attachment_Delete"/>
  <testcase name="eve_attach_Delete_Conf" time="14.944" classname="Admin_Event_Attachment.Admin_Event_Attachment_Delete"/>
  <testcase name="delete_succs_msg" time="13.073" classname="Admin_Event_Attachment.Admin_Event_Attachment_Delete"/>
</testsuite> <!-- Admin_Event_Attachment.Admin_Event_Attachment_Delete -->
