<?xml version="1.0" encoding="UTF-8"?>
<!-- Generated by org.testng.reporters.JUnitReportReporter -->
<testsuite hostname="LAPTOP-P9U8PG08" name="Admin_Event_Web.Admin_Event_Event_Class_Sorting" tests="4" failures="0" timestamp="19 Sep 2017 18:44:18 GMT" time="56.311" errors="0">
  <testcase name="exit" time="5.053" classname="Admin_Event_Web.Admin_Event_Event_Class_Sorting"/>
  <testcase name="Sorting" time="17.374" classname="Admin_Event_Web.Admin_Event_Event_Class_Sorting"/>
  <testcase name="no_eve_types" time="8.381" classname="Admin_Event_Web.Admin_Event_Event_Class_Sorting"/>
  <testcase name="view_eve_type" time="25.503" classname="Admin_Event_Web.Admin_Event_Event_Class_Sorting"/>
</testsuite> <!-- Admin_Event_Web.Admin_Event_Event_Class_Sorting -->
