<?xml version="1.0" encoding="UTF-8"?>
<!-- Generated by org.testng.reporters.JUnitReportReporter -->
<testsuite hostname="LAPTOP-P9U8PG08" name="Admin_Event_Web.Admin_Event_Event_Class" tests="11" failures="0" timestamp="19 Sep 2017 18:44:18 GMT" time="115.109" errors="0">
  <testcase name="Eve_Clas_Valid" time="12.944" classname="Admin_Event_Web.Admin_Event_Event_Class"/>
  <testcase name="count_increase" time="12.547" classname="Admin_Event_Web.Admin_Event_Event_Class"/>
  <testcase name="success_msg" time="4.170" classname="Admin_Event_Web.Admin_Event_Event_Class"/>
  <testcase name="errormsg" time="3.241" classname="Admin_Event_Web.Admin_Event_Event_Class"/>
  <testcase name="count_decrease" time="9.405" classname="Admin_Event_Web.Admin_Event_Event_Class"/>
  <testcase name="Add_Event_Class" time="6.324" classname="Admin_Event_Web.Admin_Event_Event_Class"/>
  <testcase name="eve_clas_check" time="24.552" classname="Admin_Event_Web.Admin_Event_Event_Class"/>
  <testcase name="cancel" time="3.301" classname="Admin_Event_Web.Admin_Event_Event_Class"/>
  <testcase name="close" time="3.488" classname="Admin_Event_Web.Admin_Event_Event_Class"/>
  <testcase name="Existing_Eve_Class" time="19.252" classname="Admin_Event_Web.Admin_Event_Event_Class"/>
  <testcase name="EventClass_Navigation" time="15.885" classname="Admin_Event_Web.Admin_Event_Event_Class"/>
</testsuite> <!-- Admin_Event_Web.Admin_Event_Event_Class -->
