<?xml version="1.0" encoding="UTF-8"?>
<!-- Generated by org.testng.reporters.JUnitReportReporter -->
<testsuite hostname="LAPTOP-P9U8PG08" name="Admin_Event_Web.Admin_Event_EventType_Add" tests="12" failures="0" timestamp="19 Sep 2017 18:44:18 GMT" time="155.554" errors="0">
  <testcase name="Add_rec_popup" time="4.258" classname="Admin_Event_Web.Admin_Event_EventType_Add"/>
  <testcase name="count_increase" time="16.620" classname="Admin_Event_Web.Admin_Event_EventType_Add"/>
  <testcase name="success_msg" time="9.675" classname="Admin_Event_Web.Admin_Event_EventType_Add"/>
  <testcase name="Existing_Eve_Type" time="15.801" classname="Admin_Event_Web.Admin_Event_EventType_Add"/>
  <testcase name="eve_clas_check" time="32.878" classname="Admin_Event_Web.Admin_Event_EventType_Add"/>
  <testcase name="cancel_add_popup" time="7.181" classname="Admin_Event_Web.Admin_Event_EventType_Add"/>
  <testcase name="Add_Event_Typ" time="23.243" classname="Admin_Event_Web.Admin_Event_EventType_Add"/>
  <testcase name="count_decrease" time="5.341" classname="Admin_Event_Web.Admin_Event_EventType_Add"/>
  <testcase name="eve_typ_err" time="2.181" classname="Admin_Event_Web.Admin_Event_EventType_Add"/>
  <testcase name="EventType_Navigation" time="15.165" classname="Admin_Event_Web.Admin_Event_EventType_Add"/>
  <testcase name="eve_typ_vald" time="16.819" classname="Admin_Event_Web.Admin_Event_EventType_Add"/>
  <testcase name="close_add_popup" time="6.392" classname="Admin_Event_Web.Admin_Event_EventType_Add"/>
</testsuite> <!-- Admin_Event_Web.Admin_Event_EventType_Add -->
