<?xml version="1.0" encoding="UTF-8"?>
<!-- Generated by org.testng.reporters.JUnitReportReporter -->
<testsuite hostname="LAPTOP-P9U8PG08" name="Admin_Event_Web.Admin_Event_EventType_Edit" tests="6" failures="0" timestamp="19 Sep 2017 18:44:18 GMT" time="199.609" errors="0">
  <testcase name="check_eve_update_evetype" time="55.642" classname="Admin_Event_Web.Admin_Event_EventType_Edit"/>
  <testcase name="edit_eve_type_enable" time="29.452" classname="Admin_Event_Web.Admin_Event_EventType_Edit"/>
  <testcase name="update_edit_record" time="49.628" classname="Admin_Event_Web.Admin_Event_EventType_Edit"/>
  <testcase name="exist_eve_data" time="18.211" classname="Admin_Event_Web.Admin_Event_EventType_Edit"/>
  <testcase name="clear_eve_typ_edit" time="18.898" classname="Admin_Event_Web.Admin_Event_EventType_Edit"/>
  <testcase name="success_msg" time="27.778" classname="Admin_Event_Web.Admin_Event_EventType_Edit"/>
</testsuite> <!-- Admin_Event_Web.Admin_Event_EventType_Edit -->
