<?xml version="1.0" encoding="UTF-8"?>
<!-- Generated by org.testng.reporters.JUnitReportReporter -->
<testsuite hostname="LAPTOP-P9U8PG08" name="Admin_Event_Web.Admin_Event_Event_Class_Filter" tests="4" failures="0" timestamp="19 Sep 2017 18:44:18 GMT" time="46.479" errors="0">
  <testcase name="valid_data_fetchback" time="9.444" classname="Admin_Event_Web.Admin_Event_Event_Class_Filter"/>
  <testcase name="valid_filter" time="18.131" classname="Admin_Event_Web.Admin_Event_Event_Class_Filter"/>
  <testcase name="invalid_filter" time="9.498" classname="Admin_Event_Web.Admin_Event_Event_Class_Filter"/>
  <testcase name="invalid_data_fetchback" time="9.406" classname="Admin_Event_Web.Admin_Event_Event_Class_Filter"/>
</testsuite> <!-- Admin_Event_Web.Admin_Event_Event_Class_Filter -->
