<?xml version="1.0" encoding="UTF-8"?>
<!-- Generated by org.testng.reporters.JUnitReportReporter -->
<testsuite hostname="LAPTOP-P9U8PG08" name="Admin_Event_Attachment.Admin_Event_Attachment_Sorting" tests="1" failures="0" timestamp="19 Sep 2017 18:44:18 GMT" time="31.216" errors="0">
  <testcase name="sorting" time="31.216" classname="Admin_Event_Attachment.Admin_Event_Attachment_Sorting"/>
</testsuite> <!-- Admin_Event_Attachment.Admin_Event_Attachment_Sorting -->
